<?xml version="1.0" encoding="UTF-8"?>
<testsuite xmlns:xsi="http://www.w3.org/2001/XMLSchema-instance" xsi:noNamespaceSchemaLocation="https://maven.apache.org/surefire/maven-surefire-plugin/xsd/surefire-test-report.xsd" name="org.junit.C02_StringChangeTest" time="0.113" tests="5" errors="0" skipped="0" failures="0">
  <properties>
[...]
</properties>
  <testcase name="ilkIkACikar{String, String}[1]" classname="org.junit.C02_StringChangeTest" time="0.046"/>
  <testcase name="ilkIkACikar{String, String}[2]" classname="org.junit.C02_StringChangeTest" time="0.002"/>
  <testcase name="ilkIkACikar{String, String}[3]" classname="org.junit.C02_StringChangeTest" time="0.001"/>
  <testcase name="ilkIkACikar{String, String}[4]" classname="org.junit.C02_StringChangeTest" time="0.002"/>
  <testcase name="ilkIkACikar{String, String}[5]" classname="org.junit.C02_StringChangeTest" time="0.001"/>
</testsuite>